<html>
<body>
<pre>
<h1>µVision Build Log</h1>
<h2>Tool Versions:</h2>
IDE-Version: ¦ÌVision V5.18.0.0
Copyright (C) 2016 ARM Ltd and ARM Germany GmbH. All rights reserved.
License Information: 1 23, 2, LIC=AK1BS-LUS7S-8YBVV-PJBR3-QK6DN-XNBAK
 
Tool Versions:
Toolchain:       MDK-ARM Professional  Version: 5.18
Toolchain Path:  H:\software\keil5mdk\ARM\ARMCC\Bin
C Compiler:      Armcc.exe V5.06 update 1 (build 61)
Assembler:       Armasm.exe V5.06 update 1 (build 61)
Linker/Locator:  ArmLink.exe V5.06 update 1 (build 61)
Library Manager: ArmAr.exe V5.06 update 1 (build 61)
Hex Converter:   FromElf.exe V5.06 update 1 (build 61)
CPU DLL:         SARMCM3.DLL V5.18
Dialog DLL:      DCM.DLL V1.13.6.0
Target DLL:      STLink\ST-LINKIII-KEIL_SWO.dll V2.0.18.0
Dialog DLL:      TCM.DLL V1.14.8.0
 
<h2>Project:</h2>
D:\gitupdata\carinformation\carinformation\USER\LED.uvprojx
Project File Date:  10/22/2020

<h2>Output:</h2>
*** Using Compiler 'V5.06 update 1 (build 61)', folder: 'H:\software\keil5mdk\ARM\ARMCC\Bin'
Rebuild target 'LED'
compiling stm32f4xx_it.c...
stm32f4xx_it.c(94): error:  #20: identifier "usart3_RxBuff" is undefined
  			usart3_RxBuff[usart3_RxCounter]=USART3->DR;
stm32f4xx_it.c(94): error:  #20: identifier "usart3_RxCounter" is undefined
  			usart3_RxBuff[usart3_RxCounter]=USART3->DR;
stm32f4xx_it.c(106): error:  #268: declaration may not appear after executable statement in block
  void TIM4_IRQHandler(void)
stm32f4xx_it.c(106): error:  #67: expected a "}"
  void TIM4_IRQHandler(void)
stm32f4xx_it.c(165): error:  #20: identifier "usart3_RxBuff" is undefined
  		     if(strstr(usart3_RxBuff,"PID13")){
stm32f4xx_it.c(166): warning:  #223-D: function "GCAN600_Data" declared implicitly
  					 GCAN600_Data();
stm32f4xx_it.c(168): error:  #20: identifier "usart3_RxCounter" is undefined
  				 usart3_RxCounter=0;
stm32f4xx_it.c(169): warning:  #223-D: function "elseif" declared implicitly
  				  elseif(strstr(usart3_RxBuff,"PID05")==0){
stm32f4xx_it.c(169): error:  #65: expected a ";"
  				  elseif(strstr(usart3_RxBuff,"PID05")==0){
stm32f4xx_it.c(184): warning:  #12-D: parsing restarts here after previous syntax error
  				 u2_printf("ATPID=05\r\n");
stm32f4xx_it.c(188): warning:  #223-D: function "GCAN600_Data" declared implicitly
  					 GCAN600_Data();
stm32f4xx_it.c(191): error:  #20: identifier "usart3_RxBuf" is undefined
  				  elseif(strstr(usart3_RxBuf,"PID05")==0){
stm32f4xx_it.c(191): error:  #65: expected a ";"
  				  elseif(strstr(usart3_RxBuf,"PID05")==0){
stm32f4xx_it.c(205): warning:  #12-D: parsing restarts here after previous syntax error
  				 u2_printf("ATPID=47\r\n");
stm32f4xx_it.c(209): warning:  #223-D: function "GCAN600_Data" declared implicitly
  					 GCAN600_Data();
stm32f4xx_it.c(212): error:  #65: expected a ";"
  				 elseif(strstr(usart3_RxBuf,"PID05")==0){
stm32f4xx_it.c(227): warning:  #12-D: parsing restarts here after previous syntax error
  			 }
stm32f4xx_it.c: 7 warnings, 10 errors
compiling system_stm32f4xx.c...
compiling main.c...
compiling usart1.c...
compiling timer3.c...
compiling usart2.c...
compiling timer4.c...
compiling fourG.c...
..\HARDWARE\fourG\fourG.c(113): warning:  #177-D: variable "a" was declared but never referenced
  	char a=0;
..\HARDWARE\fourG\fourG.c: 1 warning, 0 errors
compiling mqtt.c...
compiling key.c...
compiling led.c...
compiling commu.c...
compiling gcan600.c...
..\HARDWARE\gcan600\gcan600.h(9): warning:  #1-D: last line of file ends without a newline
  #endif
..\HARDWARE\gcan600\gcan600.c: 1 warning, 0 errors
compiling timer2.c...
compiling usart3.c...
..\HARDWARE\usart3\usart3.c(14): warning:  #177-D: variable "NVIC_InitStructure" was declared but never referenced
  	 NVIC_InitTypeDef NVIC_InitStructure;
..\HARDWARE\usart3\usart3.c(75): warning:  #1-D: last line of file ends without a newline
  }
..\HARDWARE\usart3\usart3.c: 2 warnings, 0 errors
compiling delay.c...
compiling sys.c...
assembling startup_stm32f40_41xxx.s...
compiling usart.c...
compiling stm32f4xx_gpio.c...
compiling misc.c...
compiling stm32f4xx_rcc.c...
compiling stm32f4xx_usart.c...
compiling stm32f4xx_tim.c...
compiling stm32f4xx_syscfg.c...
compiling utils_hmac.c...
compiling utils_md5.c...
compiling utils_sha1.c...
compiling stm32f4xx_exti.c...
"..\OBJ\LED.axf" - 10 Error(s), 11 Warning(s).

<h2>Collection of Component include folders:</h2>
  D:\gitupdata\carinformation\carinformation\USER\RTE
  H:\software\keil5mdk\ARM\PACK\Keil\STM32F4xx_DFP\2.14.0\Drivers\CMSIS\Device\ST\STM32F4xx\Include

<h2>Collection of Component Files used:</h2>
Target not created.
Build Time Elapsed:  00:00:26
</pre>
</body>
</html>
