<html>
<body>
<pre>
<h1>Vision Build Log</h1>
<h2>Tool Versions:</h2>
IDE-Version: μVision V5.24.2.0
Copyright (C) 2017 ARM Ltd and ARM Germany GmbH. All rights reserved.
License Information: 12 12, 12, LIC=Y2BTG-V7Y39-WJ56K-ZNYFU-QU6X9-CQ4GL
 
Tool Versions:
Toolchain:       MDK-ARM Professional  Version: 5.24.1
Toolchain Path:  D:\softwarenew\keil532\ARM\ARMCC\Bin
C Compiler:      Armcc.exe V5.06 update 5 (build 528)
Assembler:       Armasm.exe V5.06 update 5 (build 528)
Linker/Locator:  ArmLink.exe V5.06 update 5 (build 528)
Library Manager: ArmAr.exe V5.06 update 5 (build 528)
Hex Converter:   FromElf.exe V5.06 update 5 (build 528)
CPU DLL:         SARMCM3.DLL V5.24.1
Dialog DLL:      DCM.DLL V1.16.0.0
Target DLL:      STLink\ST-LINKIII-KEIL_SWO.dll V3.0.1.0
Dialog DLL:      TCM.DLL V1.32.0.0
 
<h2>Project:</h2>
E:\githubData\carinformation\carinformation\USER\LED.uvprojx
Project File Date:  10/21/2020

<h2>Output:</h2>
*** Using Compiler 'V5.06 update 5 (build 528)', folder: 'D:\softwarenew\keil532\ARM\ARMCC\Bin'
Rebuild target 'LED'
compiling stm32f4xx_it.c...
compiling system_stm32f4xx.c...
compiling main.c...
compiling timer3.c...
compiling key.c...
compiling usart1.c...
compiling timer4.c...
compiling usart2.c...
compiling fourG.c...
..\HARDWARE\fourG\fourG.c(113): warning:  #177-D: variable "a"  was declared but never referenced
  	char a=0;
..\HARDWARE\fourG\fourG.c: 1 warning, 0 errors
compiling commu.c...
compiling mqtt.c...
compiling gcan600.c...
..\HARDWARE\gcan600\gcan600.h(9): warning:  #1-D: last line of file ends without a newline
  #endif
..\HARDWARE\gcan600\gcan600.c: 1 warning, 0 errors
assembling startup_stm32f40_41xxx.s...
compiling timer2.c...
..\HARDWARE\timer2\timer2.c(7): error:  #268: declaration may not appear after executable statement in block
  	TIM_TimeBaseInitTypeDef TIM_TimeBaseInitStructure;//定义结构体
..\HARDWARE\timer2\timer2.c(8): error:  #20: identifier "NV" is undefined
  	NV
..\HARDWARE\timer2\timer2.c(11): error:  #65: expected a ";"
  }
..\HARDWARE\timer2\timer2.c(7): warning:  #177-D: variable "TIM_TimeBaseInitStructure"  was declared but never referenced
  	TIM_TimeBaseInitTypeDef TIM_TimeBaseInitStructure;//定义结构体
..\HARDWARE\timer2\timer2.c: 1 warning, 3 errors
compiling led.c...
compiling utils_hmac.c...
compiling sys.c...
compiling delay.c...
compiling usart.c...
compiling stm32f4xx_syscfg.c...
compiling misc.c...
compiling stm32f4xx_gpio.c...
compiling stm32f4xx_rcc.c...
compiling stm32f4xx_usart.c...
compiling stm32f4xx_tim.c...
compiling stm32f4xx_exti.c...
compiling utils_md5.c...
compiling utils_sha1.c...
"..\OBJ\LED.axf" - 3 Error(s), 3 Warning(s).

<h2>Software Packages used:</h2>

Package Vendor: Keil
                http://www.keil.com/pack/Keil.STM32F4xx_DFP.2.14.0.pack
                Keil.STM32F4xx_DFP.2.14.0
                STMicroelectronics STM32F4 Series Device Support, Drivers and Examples

<h2>Collection of Component include folders:</h2>
  .\RTE\_LED
  E:\stm32learning\Keil\STM32F4xx_DFP\2.14.0\Drivers\CMSIS\Device\ST\STM32F4xx\Include

<h2>Collection of Component Files used:</h2>
Target not created.
Build Time Elapsed:  00:00:03
</pre>
</body>
</html>
